# JRE version: Java(TM) SE Runtime Environment (8.0_112-b15) (build 1.8.0_112-b15)
# Java VM: Java HotSpot(TM) 64-Bit Server VM (25.112-b15 mixed mode windows-amd64 compressed oops)
Heap:
 PSYoungGen      total 51200K, used 14633K [0x00000007bc400000, 0x00000007c0000000, 0x00000007c0000000)
  eden space 49152K, 25% used [0x00000007bc400000,0x00000007bd04dfb0,0x00000007bf400000)
  from space 2048K, 99% used [0x00000007bfe00000,0x00000007bfffc5e8,0x00000007c0000000)
  to   space 6144K, 0% used [0x00000007bf400000,0x00000007bf400000,0x00000007bfa00000)
 ParOldGen       total 161280K, used 61245K [0x0000000700000000, 0x0000000709d80000, 0x00000007bc400000)
  object space 161280K, 37% used [0x0000000700000000,0x0000000703bcf7e0,0x0000000709d80000)
 Metaspace       used 67619K, capacity 68233K, committed 68992K, reserved 1110016K
  class space    used 9097K, capacity 9224K, committed 9344K, reserved 1048576K
GC Heap History (10 events):
Event: 2595.503 GC heap after
Heap after GC invocations=186 (full 7):
 PSYoungGen      total 59904K, used 0K [0x00000007bc400000, 0x00000007c0000000, 0x00000007c0000000)
  eden space 58368K, 0% used [0x00000007bc400000,0x00000007bc400000,0x00000007bfd00000)
  from space 1536K, 0% used [0x00000007bfd00000,0x00000007bfd00000,0x00000007bfe80000)
  to   space 1536K, 0% used [0x00000007bfe80000,0x00000007bfe80000,0x00000007c0000000)
 ParOldGen       total 161280K, used 50218K [0x0000000700000000, 0x0000000709d80000, 0x00000007bc400000)
  object space 161280K, 31% used [0x0000000700000000,0x000000070310ab58,0x0000000709d80000)
 Metaspace       used 66194K, capacity 66733K, committed 67456K, reserved 1107968K
  class space    used 8849K, capacity 8988K, committed 9088K, reserved 1048576K
}
Event: 2612.684 GC heap before
{Heap before GC invocations=187 (full 7):
 PSYoungGen      total 59904K, used 58368K [0x00000007bc400000, 0x00000007c0000000, 0x00000007c0000000)
  eden space 58368K, 100% used [0x00000007bc400000,0x00000007bfd00000,0x00000007bfd00000)
  from space 1536K, 0% used [0x00000007bfd00000,0x00000007bfd00000,0x00000007bfe80000)
  to   space 1536K, 0% used [0x00000007bfe80000,0x00000007bfe80000,0x00000007c0000000)
 ParOldGen       total 161280K, used 50218K [0x0000000700000000, 0x0000000709d80000, 0x00000007bc400000)
  object space 161280K, 31% used [0x0000000700000000,0x000000070310ab58,0x0000000709d80000)
 Metaspace       used 66231K, capacity 66797K, committed 67456K, reserved 1107968K
  class space    used 8854K, capacity 8988K, committed 9088K, reserved 1048576K
Event: 2612.694 GC heap after
Heap after GC invocations=187 (full 7):
 PSYoungGen      total 59904K, used 960K [0x00000007bc400000, 0x00000007c0000000, 0x00000007c0000000)
  eden space 58368K, 0% used [0x00000007bc400000,0x00000007bc400000,0x00000007bfd00000)
  from space 1536K, 62% used [0x00000007bfe80000,0x00000007bff70000,0x00000007c0000000)
  to   space 1536K, 0% used [0x00000007bfd00000,0x00000007bfd00000,0x00000007bfe80000)
 ParOldGen       total 161280K, used 50226K [0x0000000700000000, 0x0000000709d80000, 0x00000007bc400000)
  object space 161280K, 31% used [0x0000000700000000,0x000000070310cb58,0x0000000709d80000)
 Metaspace       used 66231K, capacity 66797K, committed 67456K, reserved 1107968K
  class space    used 8854K, capacity 8988K, committed 9088K, reserved 1048576K
}
Event: 2619.506 GC heap before
{Heap before GC invocations=188 (full 7):
 PSYoungGen      total 59904K, used 59328K [0x00000007bc400000, 0x00000007c0000000, 0x00000007c0000000)
  eden space 58368K, 100% used [0x00000007bc400000,0x00000007bfd00000,0x00000007bfd00000)
  from space 1536K, 62% used [0x00000007bfe80000,0x00000007bff70000,0x00000007c0000000)
  to   space 1536K, 0% used [0x00000007bfd00000,0x00000007bfd00000,0x00000007bfe80000)
 ParOldGen       total 161280K, used 50226K [0x0000000700000000, 0x0000000709d80000, 0x00000007bc400000)
  object space 161280K, 31% used [0x0000000700000000,0x000000070310cb58,0x0000000709d80000)
 Metaspace       used 66272K, capacity 66861K, committed 67456K, reserved 1107968K
  class space    used 8854K, capacity 8988K, committed 9088K, reserved 1048576K
Event: 2619.516 GC heap after
Heap after GC invocations=188 (full 7):
 PSYoungGen      total 59904K, used 1046K [0x00000007bc400000, 0x00000007c0000000, 0x00000007c0000000)
  eden space 58368K, 0% used [0x00000007bc400000,0x00000007bc400000,0x00000007bfd00000)
  from space 1536K, 68% used [0x00000007bfd00000,0x00000007bfe05910,0x00000007bfe80000)
  to   space 1536K, 0% used [0x00000007bfe80000,0x00000007bfe80000,0x00000007c0000000)
 ParOldGen       total 161280K, used 50234K [0x0000000700000000, 0x0000000709d80000, 0x00000007bc400000)
  object space 161280K, 31% used [0x0000000700000000,0x000000070310eb58,0x0000000709d80000)
 Metaspace       used 66272K, capacity 66861K, committed 67456K, reserved 1107968K
  class space    used 8854K, capacity 8988K, committed 9088K, reserved 1048576K
}
Event: 2625.313 GC heap before
{Heap before GC invocations=189 (full 7):
 PSYoungGen      total 59904K, used 59414K [0x00000007bc400000, 0x00000007c0000000, 0x00000007c0000000)
  eden space 58368K, 100% used [0x00000007bc400000,0x00000007bfd00000,0x00000007bfd00000)
  from space 1536K, 68% used [0x00000007bfd00000,0x00000007bfe05910,0x00000007bfe80000)
  to   space 1536K, 0% used [0x00000007bfe80000,0x00000007bfe80000,0x00000007c0000000)
 ParOldGen       total 161280K, used 50234K [0x0000000700000000, 0x0000000709d80000, 0x00000007bc400000)
  object space 161280K, 31% used [0x0000000700000000,0x000000070310eb58,0x0000000709d80000)
 Metaspace       used 66546K, capacity 67091K, committed 67712K, reserved 1107968K
  class space    used 8888K, capacity 9021K, committed 9088K, reserved 1048576K
Event: 2625.324 GC heap after
Heap after GC invocations=189 (full 7):
 PSYoungGen      total 58880K, used 1530K [0x00000007bc400000, 0x00000007c0000000, 0x00000007c0000000)
  eden space 57344K, 0% used [0x00000007bc400000,0x00000007bc400000,0x00000007bfc00000)
  from space 1536K, 99% used [0x00000007bfe80000,0x00000007bfffe870,0x00000007c0000000)
  to   space 2048K, 0% used [0x00000007bfc00000,0x00000007bfc00000,0x00000007bfe00000)
 ParOldGen       total 161280K, used 51310K [0x0000000700000000, 0x0000000709d80000, 0x00000007bc400000)
  object space 161280K, 31% used [0x0000000700000000,0x000000070321bae8,0x0000000709d80000)
 Metaspace       used 66546K, capacity 67091K, committed 67712K, reserved 1107968K
  class space    used 8888K, capacity 9021K, committed 9088K, reserved 1048576K
}
Event: 2631.170 GC heap before
{Heap before GC invocations=190 (full 7):
 PSYoungGen      total 58880K, used 57257K [0x00000007bc400000, 0x00000007c0000000, 0x00000007c0000000)
  eden space 57344K, 97% used [0x00000007bc400000,0x00000007bfa6bdc8,0x00000007bfc00000)
  from space 1536K, 99% used [0x00000007bfe80000,0x00000007bfffe870,0x00000007c0000000)
  to   space 2048K, 0% used [0x00000007bfc00000,0x00000007bfc00000,0x00000007bfe00000)
 ParOldGen       total 161280K, used 51310K [0x0000000700000000, 0x0000000709d80000, 0x00000007bc400000)
  object space 161280K, 31% used [0x0000000700000000,0x000000070321bae8,0x0000000709d80000)
 Metaspace       used 67424K, capacity 67977K, committed 68608K, reserved 1107968K
  class space    used 9061K, capacity 9186K, committed 9216K, reserved 1048576K
Event: 2631.183 GC heap after
Heap after GC invocations=190 (full 7):
 PSYoungGen      total 59392K, used 2048K [0x00000007bc400000, 0x00000007c0000000, 0x00000007c0000000)
  eden space 57344K, 0% used [0x00000007bc400000,0x00000007bc400000,0x00000007bfc00000)
  from space 2048K, 100% used [0x00000007bfc00000,0x00000007bfe00000,0x00000007bfe00000)
  to   space 2048K, 0% used [0x00000007bfe00000,0x00000007bfe00000,0x00000007c0000000)
 ParOldGen       total 161280K, used 52664K [0x0000000700000000, 0x0000000709d80000, 0x00000007bc400000)
  object space 161280K, 32% used [0x0000000700000000,0x000000070336e198,0x0000000709d80000)
 Metaspace       used 67424K, capacity 67977K, committed 68608K, reserved 1107968K
  class space    used 9061K, capacity 9186K, committed 9216K, reserved 1048576K
}
Event: 2643.910 GC heap before
{Heap before GC invocations=191 (full 7):
 PSYoungGen      total 59392K, used 59392K [0x00000007bc400000, 0x00000007c0000000, 0x00000007c0000000)
  eden space 57344K, 100% used [0x00000007bc400000,0x00000007bfc00000,0x00000007bfc00000)
  from space 2048K, 100% used [0x00000007bfc00000,0x00000007bfe00000,0x00000007bfe00000)
  to   space 2048K, 0% used [0x00000007bfe00000,0x00000007bfe00000,0x00000007c0000000)
 ParOldGen       total 161280K, used 52664K [0x0000000700000000, 0x0000000709d80000, 0x00000007bc400000)
  object space 161280K, 32% used [0x0000000700000000,0x000000070336e198,0x0000000709d80000)
 Metaspace       used 67519K, capacity 68137K, committed 68608K, reserved 1107968K
  class space    used 9068K, capacity 9192K, committed 9216K, reserved 1048576K

